[debug] [2020-02-11T08:36:13.985Z] ----------------------------------------------------------------------
[debug] [2020-02-11T08:36:13.986Z] Command:       /usr/local/bin/node /usr/local/bin/firebase serve
[debug] [2020-02-11T08:36:13.986Z] CLI Version:   7.12.1
[debug] [2020-02-11T08:36:13.986Z] Platform:      darwin
[debug] [2020-02-11T08:36:13.986Z] Node Version:  v13.6.0
[debug] [2020-02-11T08:36:13.987Z] Time:          Tue Feb 11 2020 00:36:13 GMT-0800 (Pacific Standard Time)
[debug] [2020-02-11T08:36:13.987Z] ----------------------------------------------------------------------
[debug] [2020-02-11T08:36:13.987Z] 
[debug] [2020-02-11T08:36:13.992Z] > command requires scopes: ["email","openid","https://www.googleapis.com/auth/cloudplatformprojects.readonly","https://www.googleapis.com/auth/firebase","https://www.googleapis.com/auth/cloud-platform"]
[debug] [2020-02-11T08:36:13.992Z] > authorizing via signed-in user
[debug] [2020-02-11T08:36:13.992Z] [iam] checking project my-boggle-game for permissions ["firebase.projects.get"]
[debug] [2020-02-11T08:36:13.993Z] >>> HTTP REQUEST POST https://cloudresourcemanager.googleapis.com/v1/projects/my-boggle-game:testIamPermissions  

[debug] [2020-02-11T08:36:14.187Z] <<< HTTP RESPONSE 200
[debug] [2020-02-11T08:36:14.188Z] >>> HTTP REQUEST GET https://firebase.googleapis.com/v1beta1/projects/my-boggle-game  
 
[debug] [2020-02-11T08:36:14.418Z] <<< HTTP RESPONSE 200
[info] 
[info] === Serving from '/Users/trues/Documents/GitHub/boggle-react'...
[info] 
[debug] [2020-02-11T08:36:14.423Z] >>> HTTP REQUEST GET https://firebase.googleapis.com/v1beta1/projects/my-boggle-game/webApps/-/config  
 
[warn] ⚠  Your requested "node" version "8" doesn't match your global version "13"
[info] ✔  functions: Emulator started at http://localhost:5001
[debug] [2020-02-11T08:36:14.721Z] <<< HTTP RESPONSE 403
[debug] [2020-02-11T08:36:14.722Z] <<< HTTP RESPONSE BODY
[debug] [2020-02-11T08:36:14.724Z] fetchWebSetup error: FirebaseError: HTTP Error: 403, com.google.apps.framework.request.ForbiddenException: Project 'projects/179291202405' not found or permission denied
[warn] ⚠  hosting: Authentication error when trying to fetch your current web app configuration, have you run firebase login?
[warn] ⚠  hosting: Using web app configuration from cache.
[info] i  functions: Watching "/Users/trues/Documents/GitHub/boggle-react/functions" for Cloud Functions...
[debug] [2020-02-11T08:36:14.745Z] [worker-pool] addWorker(~diagnostic~)
[debug] [2020-02-11T08:36:14.745Z] [worker-pool] Adding worker with key ~diagnostic~, total=1
[debug] [2020-02-11T08:36:14.746Z] [worker-pool] submitWork(triggerId=)
[debug] [2020-02-11T08:36:14.746Z] [worker-~diagnostic~-80baf847-a0af-4c9d-8c56-47335d1accb8]: Assigning socketPath: /var/folders/x_/rf9jxwgx2ss4_lb1r6rxw00h00q9jh/T/fire_emu_13651.sock
[debug] [2020-02-11T08:36:14.746Z] [worker-~diagnostic~-80baf847-a0af-4c9d-8c56-47335d1accb8]: BUSY
[info] ✔  hosting: Local server: http://localhost:5000
[debug] [2020-02-11T08:36:14.917Z] [runtime-status] [13651] Functions runtime initialized. {"cwd":"/Users/trues/Documents/GitHub/boggle-react/functions","node_version":"13.6.0"}
[debug] [2020-02-11T08:36:14.917Z] [runtime-status] [13651] Disabled runtime features: {"functions_config_helper":true,"network_filtering":true,"timeout":true,"memory_limiting":true,"admin_stubs":true,"pubsub_emulator":true}
[debug] [2020-02-11T08:36:14.923Z] [runtime-status] [13651] Resolved module firebase-admin {"declared":true,"installed":true,"version":"8.9.2","resolution":"/Users/trues/Documents/GitHub/boggle-react/functions/node_modules/firebase-admin/lib/index.js"}
[debug] [2020-02-11T08:36:14.926Z] [runtime-status] [13651] Resolved module firebase-functions {"declared":true,"installed":true,"version":"3.3.0","resolution":"/Users/trues/Documents/GitHub/boggle-react/functions/node_modules/firebase-functions/lib/index.js"}
[debug] [2020-02-11T08:36:14.926Z] [runtime-status] [13651] Resolved module firebase-functions {"declared":true,"installed":true,"version":"3.3.0","resolution":"/Users/trues/Documents/GitHub/boggle-react/functions/node_modules/firebase-functions/lib/index.js"}
[debug] [2020-02-11T08:36:14.985Z] [worker-~diagnostic~-80baf847-a0af-4c9d-8c56-47335d1accb8]: IDLE
